Base path: '/Applications/Unity/Hub/Editor/2019.3.0b1/Unity.app/Contents', plugins path '/Applications/Unity/Hub/Editor/2019.3.0b1/Unity.app/Contents/PlaybackEngines'
Cmd: initializeCompiler
Cmd: preprocess
  insize=771 outsize=196 ok=1
Cmd: preprocess
  insize=771 outsize=196 ok=1
Cmd: preprocess
  insize=771 outsize=196 ok=1
Cmd: preprocess
  insize=771 outsize=196 ok=1
Cmd: preprocess
  insize=771 outsize=196 ok=1
Cmd: preprocess
  insize=771 outsize=196 ok=1
Cmd: preprocess
  insize=771 outsize=196 ok=1
Cmd: preprocess
  insize=47438 outsize=1913 ok=1
Cmd: preprocess
  insize=3834 outsize=456 ok=1
Cmd: preprocess
  insize=3929 outsize=456 ok=1
Cmd: preprocess
  insize=4325 outsize=455 ok=1
Cmd: compileSnippet
  api=14 type=0 insize=13261 outsize=5757 kw=_ADDITIONAL_LIGHTS pd=UNITY_ENABLE_REFLECTION_BUFFERS UNITY_USE_DITHER_MASK_FOR_ALPHABLENDED_SHADOWS UNITY_PBS_USE_BRDF1 UNITY_SPECCUBE_BOX_PROJECTION UNITY_SPECCUBE_BLENDING UNITY_ENABLE_DETAIL_NORMALMAP SHADER_API_DESKTOP UNITY_LIGHT_PROBE_PROXY_VOLUME UNITY_LIGHTMAP_RGBM_ENCODING ok=1
Cmd: compileSnippet
  api=14 type=1 insize=13261 outsize=11637 kw=_ADDITIONAL_LIGHTS pd=UNITY_ENABLE_REFLECTION_BUFFERS UNITY_USE_DITHER_MASK_FOR_ALPHABLENDED_SHADOWS UNITY_PBS_USE_BRDF1 UNITY_SPECCUBE_BOX_PROJECTION UNITY_SPECCUBE_BLENDING UNITY_ENABLE_DETAIL_NORMALMAP SHADER_API_DESKTOP UNITY_LIGHT_PROBE_PROXY_VOLUME UNITY_LIGHTMAP_RGBM_ENCODING ok=1
Cmd: preprocess
  insize=771 outsize=196 ok=1
Cmd: preprocess
  insize=771 outsize=196 ok=1
Cmd: preprocess
  insize=771 outsize=196 ok=1
Cmd: preprocess
  insize=771 outsize=196 ok=1
Cmd: preprocess
  insize=771 outsize=196 ok=1
Cmd: preprocess
  insize=771 outsize=196 ok=1
Cmd: preprocess
  insize=771 outsize=196 ok=1
Cmd: preprocess
  insize=771 outsize=196 ok=1
Cmd: preprocess
  insize=5543 outsize=375 ok=1
Cmd: preprocess
  insize=4616 outsize=379 ok=1
Cmd: preprocess
  insize=4316 outsize=383 ok=1
Cmd: preprocess
  insize=3319 outsize=379 ok=1
Cmd: preprocess
  insize=54762 outsize=1845 ok=1
Cmd: preprocess
  insize=52210 outsize=1864 ok=1
Cmd: preprocess
  insize=771 outsize=196 ok=1
Cmd: preprocess
  insize=771 outsize=196 ok=1
Cmd: preprocess
  insize=771 outsize=196 ok=1
Cmd: preprocess
  insize=771 outsize=196 ok=1
Cmd: preprocess
  insize=771 outsize=196 ok=1
Cmd: preprocess
  insize=771 outsize=196 ok=1
Cmd: preprocess
  insize=771 outsize=196 ok=1
Cmd: preprocess
  insize=771 outsize=196 ok=1
Cmd: preprocess
  insize=5543 outsize=375 ok=1
Cmd: preprocess
  insize=4616 outsize=379 ok=1
Cmd: preprocess
  insize=4316 outsize=383 ok=1
Cmd: preprocess
  insize=3319 outsize=379 ok=1
Cmd: preprocess
  insize=54762 outsize=1845 ok=1
Cmd: preprocess
  insize=4616 outsize=379 ok=1
Cmd: preprocess
  insize=5543 outsize=375 ok=1
Cmd: preprocess
  insize=54762 outsize=1845 ok=1
Cmd: preprocess
  insize=52210 outsize=1864 ok=1
Cmd: preprocess
  insize=52210 outsize=1864 ok=1
Cmd: preprocess
  insize=771 outsize=196 ok=1
Cmd: preprocess
  insize=771 outsize=196 ok=1
Cmd: preprocess
  insize=771 outsize=196 ok=1
Cmd: preprocess
  insize=771 outsize=196 ok=1
Cmd: preprocess
  insize=771 outsize=196 ok=1
Cmd: preprocess
  insize=771 outsize=196 ok=1
Cmd: preprocess
  insize=771 outsize=196 ok=1
Cmd: preprocess
  insize=47438 outsize=1913 ok=1
Cmd: preprocess
  insize=3834 outsize=456 ok=1
Cmd: preprocess
  insize=3929 outsize=456 ok=1
Cmd: preprocess
  insize=4325 outsize=455 ok=1
Cmd: preprocess
  insize=4325 outsize=455 ok=1
Cmd: preprocess
  insize=47504 outsize=1913 ok=1
Cmd: preprocess
  insize=3929 outsize=456 ok=1
Cmd: preprocess
  insize=3834 outsize=456 ok=1
Cmd: compileSnippet
  api=14 type=0 insize=13294 outsize=5757 kw=_ADDITIONAL_LIGHTS pd=UNITY_ENABLE_REFLECTION_BUFFERS UNITY_USE_DITHER_MASK_FOR_ALPHABLENDED_SHADOWS UNITY_PBS_USE_BRDF1 UNITY_SPECCUBE_BOX_PROJECTION UNITY_SPECCUBE_BLENDING UNITY_ENABLE_DETAIL_NORMALMAP SHADER_API_DESKTOP UNITY_LIGHT_PROBE_PROXY_VOLUME UNITY_LIGHTMAP_RGBM_ENCODING ok=1
Cmd: compileSnippet
  api=14 type=1 insize=13294 outsize=11637 kw=_ADDITIONAL_LIGHTS pd=UNITY_ENABLE_REFLECTION_BUFFERS UNITY_USE_DITHER_MASK_FOR_ALPHABLENDED_SHADOWS UNITY_PBS_USE_BRDF1 UNITY_SPECCUBE_BOX_PROJECTION UNITY_SPECCUBE_BLENDING UNITY_ENABLE_DETAIL_NORMALMAP SHADER_API_DESKTOP UNITY_LIGHT_PROBE_PROXY_VOLUME UNITY_LIGHTMAP_RGBM_ENCODING ok=1
